2025-03-12 20:10:19,806 - __main__ - ERROR - Musíte zadat buď --series nebo --input
2025-03-12 20:10:27,364 - __main__ - ERROR - Musíte zadat buď --series nebo --input
2025-03-12 20:10:34,847 - __main__ - INFO - Zpracovávám sérii ze souboru: fred_series_progress_1741804588.csv
2025-03-12 20:10:34,877 - __main__ - INFO - Načteno 24009 sérií z fred_series_progress_1741804588.csv
2025-03-12 20:10:34,907 - __main__ - INFO - Rozděleno 24009 sérií mezi 4 workerů
2025-03-12 20:10:41,986 - __main__ - INFO - Extrahovaná metadata pro CROASMIDTIER: {'series_id': 'CROASMIDTIER', 'title': 'Federal Reserve Economic Data', 'frequency': 'Monthly', 'units': 'Percent', 'seasonal_adjustment': 'Seasonally Adjusted', 'last_updated': 'Mar 7, 2025 1:14 PM CST', 'source': 'FRED', 'data_source': 'Andrew Davidson & Co., Inc. via FRED®'}
2025-03-12 20:10:41,986 - __main__ - INFO - Worker 0: Úspěšně zpracována série CROASMIDTIER
2025-03-12 20:10:42,302 - __main__ - INFO - Extrahovaná metadata pro RSGASSN: {'series_id': 'RSGASSN', 'title': 'Federal Reserve Economic Data', 'frequency': 'Monthly', 'units': 'Millions of Dollars', 'seasonal_adjustment': 'Seasonally Adjusted', 'last_updated': 'Feb 14, 2025 7:34 AM CST', 'source': 'FRED', 'data_source': 'U.S. Census Bureau via FRED®'}
2025-03-12 20:10:42,303 - __main__ - INFO - Worker 2: Úspěšně zpracována série RSGASSN
2025-03-12 20:10:42,801 - __main__ - INFO - Extrahovaná metadata pro IHLCHG32820: {'series_id': 'IHLCHG32820', 'title': 'Federal Reserve Economic Data', 'frequency': 'Monthly', 'units': 'Percent', 'seasonal_adjustment': 'Seasonally Adjusted', 'last_updated': 'Dec 1, 2022 3:15 PM CST', 'source': 'FRED', 'data_source': 'Indeed via FRED®'}
2025-03-12 20:10:42,801 - __main__ - INFO - Worker 1: Úspěšně zpracována série IHLCHG32820
2025-03-12 20:10:46,350 - __main__ - INFO - Extrahovaná metadata pro CROASTIER0: {'series_id': 'CROASTIER0', 'title': 'Federal Reserve Economic Data', 'frequency': 'Monthly', 'units': 'Percent', 'seasonal_adjustment': 'Seasonally Adjusted', 'last_updated': 'Mar 7, 2025 1:14 PM CST', 'source': 'FRED', 'data_source': 'Andrew Davidson & Co., Inc. via FRED®'}
2025-03-12 20:10:46,350 - __main__ - INFO - Worker 0: Úspěšně zpracována série CROASTIER0
2025-03-12 20:10:46,518 - __main__ - INFO - Extrahovaná metadata pro MARTSMPCSM447USS: {'series_id': 'MARTSMPCSM447USS', 'title': 'Federal Reserve Economic Data', 'frequency': 'Monthly', 'units': 'Millions of Dollars', 'seasonal_adjustment': 'Seasonally Adjusted', 'last_updated': 'Feb 14, 2025 7:34 AM CST', 'source': 'FRED', 'data_source': 'U.S. Census Bureau via FRED®'}
2025-03-12 20:10:46,518 - __main__ - INFO - Worker 2: Úspěšně zpracována série MARTSMPCSM447USS
2025-03-12 20:10:47,020 - __main__ - INFO - Extrahovaná metadata pro IHLCHGAUTPREALESTA: {'series_id': 'IHLCHGAUTPREALESTA', 'title': 'Federal Reserve Economic Data', 'frequency': 'Monthly', 'units': 'Percent', 'seasonal_adjustment': 'Seasonally Adjusted', 'last_updated': 'Dec 1, 2022 3:15 PM CST', 'source': 'FRED', 'data_source': 'Indeed via FRED®'}
2025-03-12 20:10:47,020 - __main__ - INFO - Worker 1: Úspěšně zpracována série IHLCHGAUTPREALESTA
2025-03-12 20:10:49,519 - __main__ - INFO - Extrahovaná metadata pro CROASTIER1: {'series_id': 'CROASTIER1', 'title': 'Federal Reserve Economic Data', 'frequency': 'Monthly', 'units': 'Percent', 'seasonal_adjustment': 'Seasonally Adjusted', 'last_updated': 'Mar 7, 2025 1:14 PM CST', 'source': 'FRED', 'data_source': 'Andrew Davidson & Co., Inc. via FRED®'}
2025-03-12 20:10:49,519 - __main__ - INFO - Worker 0: Úspěšně zpracována série CROASTIER1
2025-03-12 20:10:50,601 - __main__ - INFO - Extrahovaná metadata pro DHIDFHRVIM: {'series_id': 'DHIDFHRVIM', 'title': 'Federal Reserve Economic Data', 'frequency': 'Monthly', 'units': 'Percent', 'seasonal_adjustment': 'Seasonally Adjusted', 'last_updated': 'Jun 11, 2018 9:21 AM CDT', 'source': 'FRED', 'data_source': 'DHI Group, Inc. via FRED®'}
2025-03-12 20:10:50,601 - __main__ - INFO - Worker 1: Úspěšně zpracována série DHIDFHRVIM
2025-03-12 20:10:51,120 - __main__ - INFO - Extrahovaná metadata pro MARTSMPCSM447USN: {'series_id': 'MARTSMPCSM447USN', 'title': 'Federal Reserve Economic Data', 'frequency': 'Monthly', 'units': 'Millions of Dollars', 'seasonal_adjustment': 'Seasonally Adjusted', 'last_updated': 'Feb 14, 2025 7:34 AM CST', 'source': 'FRED', 'data_source': 'U.S. Census Bureau via FRED®'}
2025-03-12 20:10:51,120 - __main__ - INFO - Worker 2: Úspěšně zpracována série MARTSMPCSM447USN
2025-03-12 20:10:52,426 - __main__ - INFO - Extrahovaná metadata pro CRTINDEXTIER1: {'series_id': 'CRTINDEXTIER1', 'title': 'Federal Reserve Economic Data', 'frequency': 'Monthly', 'units': 'Percent', 'seasonal_adjustment': 'Seasonally Adjusted', 'last_updated': 'Mar 7, 2025 11:33 AM CST', 'source': 'FRED', 'data_source': 'Andrew Davidson & Co., Inc. via FRED®'}
2025-03-12 20:10:52,426 - __main__ - INFO - Worker 0: Úspěšně zpracována série CRTINDEXTIER1
2025-03-12 20:10:54,053 - __main__ - INFO - Extrahovaná metadata pro IHLCHGGBTPBAFI: {'series_id': 'IHLCHGGBTPBAFI', 'title': 'Federal Reserve Economic Data', 'frequency': 'Monthly', 'units': 'Percent', 'seasonal_adjustment': 'Seasonally Adjusted', 'last_updated': 'Dec 1, 2022 3:14 PM CST', 'source': 'FRED', 'data_source': 'Indeed via FRED®'}
2025-03-12 20:10:54,053 - __main__ - INFO - Worker 1: Úspěšně zpracována série IHLCHGGBTPBAFI
2025-03-12 20:10:55,438 - __main__ - INFO - Extrahovaná metadata pro MRTSIM4400AUSS: {'series_id': 'MRTSIM4400AUSS', 'title': 'Federal Reserve Economic Data', 'frequency': 'Monthly', 'units': 'Millions of Dollars', 'seasonal_adjustment': 'Seasonally Adjusted', 'last_updated': 'Feb 14, 2025 9:07 AM CST', 'source': 'FRED', 'data_source': 'U.S. Census Bureau via FRED®'}
2025-03-12 20:10:55,438 - __main__ - INFO - Worker 2: Úspěšně zpracována série MRTSIM4400AUSS
2025-03-12 20:10:55,971 - __main__ - ERROR - Kritická chyba při získávání metadat pro IHLIDXFRTPITOPHE: ('Connection aborted.', RemoteDisconnected('Remote end closed connection without response'))
2025-03-12 20:10:55,979 - __main__ - INFO - Worker 1: Úspěšně zpracována série IHLIDXFRTPITOPHE
2025-03-12 20:10:56,057 - __main__ - ERROR - Worker 3: Kritická chyba: ('Connection aborted.', RemoteDisconnected('Remote end closed connection without response'))
2025-03-12 20:10:56,616 - urllib3.connectionpool - WARNING - Retrying (Retry(total=2, connect=None, read=None, redirect=None, status=None)) after connection broken by 'NewConnectionError('<urllib3.connection.HTTPConnection object at 0x10828efd0>: Failed to establish a new connection: [Errno 61] Connection refused')': /session/988bbde1b18d6f12ec9288d6d4f75dad/url
2025-03-12 20:10:56,618 - urllib3.connectionpool - WARNING - Retrying (Retry(total=1, connect=None, read=None, redirect=None, status=None)) after connection broken by 'NewConnectionError('<urllib3.connection.HTTPConnection object at 0x1082b0d60>: Failed to establish a new connection: [Errno 61] Connection refused')': /session/988bbde1b18d6f12ec9288d6d4f75dad/url
2025-03-12 20:10:56,621 - urllib3.connectionpool - WARNING - Retrying (Retry(total=0, connect=None, read=None, redirect=None, status=None)) after connection broken by 'NewConnectionError('<urllib3.connection.HTTPConnection object at 0x107832450>: Failed to establish a new connection: [Errno 61] Connection refused')': /session/988bbde1b18d6f12ec9288d6d4f75dad/url
2025-03-12 20:10:56,623 - __main__ - ERROR - Kritická chyba při získávání metadat pro MRTSIM4400AUSN: HTTPConnectionPool(host='localhost', port=55365): Max retries exceeded with url: /session/988bbde1b18d6f12ec9288d6d4f75dad/url (Caused by NewConnectionError('<urllib3.connection.HTTPConnection object at 0x107aa58c0>: Failed to establish a new connection: [Errno 61] Connection refused'))
2025-03-12 20:10:56,623 - __main__ - INFO - Worker 2: Úspěšně zpracována série MRTSIM4400AUSN
2025-03-12 20:10:56,842 - urllib3.connectionpool - WARNING - Retrying (Retry(total=2, connect=None, read=None, redirect=None, status=None)) after connection broken by 'NewConnectionError('<urllib3.connection.HTTPConnection object at 0x10828e350>: Failed to establish a new connection: [Errno 61] Connection refused')': /session/3df5bd771a4469e996685b0e3fe9758f/element
2025-03-12 20:10:56,844 - urllib3.connectionpool - WARNING - Retrying (Retry(total=1, connect=None, read=None, redirect=None, status=None)) after connection broken by 'NewConnectionError('<urllib3.connection.HTTPConnection object at 0x107aa5d00>: Failed to establish a new connection: [Errno 61] Connection refused')': /session/3df5bd771a4469e996685b0e3fe9758f/element
2025-03-12 20:10:56,846 - urllib3.connectionpool - WARNING - Retrying (Retry(total=0, connect=None, read=None, redirect=None, status=None)) after connection broken by 'NewConnectionError('<urllib3.connection.HTTPConnection object at 0x107aa6030>: Failed to establish a new connection: [Errno 61] Connection refused')': /session/3df5bd771a4469e996685b0e3fe9758f/element
2025-03-12 20:10:56,849 - __main__ - ERROR - Kritická chyba při získávání metadat pro CROASTIER3: HTTPConnectionPool(host='localhost', port=55363): Max retries exceeded with url: /session/3df5bd771a4469e996685b0e3fe9758f/element (Caused by NewConnectionError('<urllib3.connection.HTTPConnection object at 0x107aa6360>: Failed to establish a new connection: [Errno 61] Connection refused'))
2025-03-12 20:10:56,849 - __main__ - INFO - Worker 0: Úspěšně zpracována série CROASTIER3
2025-03-12 20:10:57,655 - urllib3.connectionpool - WARNING - Retrying (Retry(total=2, connect=None, read=None, redirect=None, status=None)) after connection broken by 'NewConnectionError('<urllib3.connection.HTTPConnection object at 0x107aa6690>: Failed to establish a new connection: [Errno 61] Connection refused')': /session/4cfff265ab02663cc804d617b2bcb7ec/url
2025-03-12 20:10:57,657 - urllib3.connectionpool - WARNING - Retrying (Retry(total=1, connect=None, read=None, redirect=None, status=None)) after connection broken by 'NewConnectionError('<urllib3.connection.HTTPConnection object at 0x107aa68b0>: Failed to establish a new connection: [Errno 61] Connection refused')': /session/4cfff265ab02663cc804d617b2bcb7ec/url
2025-03-12 20:10:57,659 - urllib3.connectionpool - WARNING - Retrying (Retry(total=0, connect=None, read=None, redirect=None, status=None)) after connection broken by 'NewConnectionError('<urllib3.connection.HTTPConnection object at 0x107aa6ad0>: Failed to establish a new connection: [Errno 61] Connection refused')': /session/4cfff265ab02663cc804d617b2bcb7ec/url
2025-03-12 20:10:57,661 - __main__ - ERROR - Kritická chyba při získávání metadat pro DHIDFHDMIWRT: HTTPConnectionPool(host='localhost', port=55364): Max retries exceeded with url: /session/4cfff265ab02663cc804d617b2bcb7ec/url (Caused by NewConnectionError('<urllib3.connection.HTTPConnection object at 0x107aa6cf0>: Failed to establish a new connection: [Errno 61] Connection refused'))
2025-03-12 20:10:57,661 - __main__ - INFO - Worker 1: Úspěšně zpracována série DHIDFHDMIWRT
2025-03-12 20:10:57,863 - urllib3.connectionpool - WARNING - Retrying (Retry(total=2, connect=None, read=None, redirect=None, status=None)) after connection broken by 'NewConnectionError('<urllib3.connection.HTTPConnection object at 0x107aa7020>: Failed to establish a new connection: [Errno 61] Connection refused')': /session/3df5bd771a4469e996685b0e3fe9758f/url
2025-03-12 20:10:57,866 - urllib3.connectionpool - WARNING - Retrying (Retry(total=1, connect=None, read=None, redirect=None, status=None)) after connection broken by 'NewConnectionError('<urllib3.connection.HTTPConnection object at 0x107aa7240>: Failed to establish a new connection: [Errno 61] Connection refused')': /session/3df5bd771a4469e996685b0e3fe9758f/url
2025-03-12 20:10:57,868 - urllib3.connectionpool - WARNING - Retrying (Retry(total=0, connect=None, read=None, redirect=None, status=None)) after connection broken by 'NewConnectionError('<urllib3.connection.HTTPConnection object at 0x107aa7460>: Failed to establish a new connection: [Errno 61] Connection refused')': /session/3df5bd771a4469e996685b0e3fe9758f/url
2025-03-12 20:10:57,870 - __main__ - ERROR - Kritická chyba při získávání metadat pro CROASTIER2: HTTPConnectionPool(host='localhost', port=55363): Max retries exceeded with url: /session/3df5bd771a4469e996685b0e3fe9758f/url (Caused by NewConnectionError('<urllib3.connection.HTTPConnection object at 0x107aa7680>: Failed to establish a new connection: [Errno 61] Connection refused'))
2025-03-12 20:10:57,870 - __main__ - INFO - Worker 0: Úspěšně zpracována série CROASTIER2
2025-03-12 20:10:58,610 - urllib3.connectionpool - WARNING - Retrying (Retry(total=2, connect=None, read=None, redirect=None, status=None)) after connection broken by 'NewConnectionError('<urllib3.connection.HTTPConnection object at 0x107aa79b0>: Failed to establish a new connection: [Errno 61] Connection refused')': /session/988bbde1b18d6f12ec9288d6d4f75dad/url
2025-03-12 20:10:58,612 - urllib3.connectionpool - WARNING - Retrying (Retry(total=1, connect=None, read=None, redirect=None, status=None)) after connection broken by 'NewConnectionError('<urllib3.connection.HTTPConnection object at 0x107aa7bd0>: Failed to establish a new connection: [Errno 61] Connection refused')': /session/988bbde1b18d6f12ec9288d6d4f75dad/url
2025-03-12 20:10:58,613 - urllib3.connectionpool - WARNING - Retrying (Retry(total=0, connect=None, read=None, redirect=None, status=None)) after connection broken by 'NewConnectionError('<urllib3.connection.HTTPConnection object at 0x107aa7df0>: Failed to establish a new connection: [Errno 61] Connection refused')': /session/988bbde1b18d6f12ec9288d6d4f75dad/url
2025-03-12 20:10:58,617 - __main__ - ERROR - Kritická chyba při získávání metadat pro MRTSMPCIM4400AUSS: HTTPConnectionPool(host='localhost', port=55365): Max retries exceeded with url: /session/988bbde1b18d6f12ec9288d6d4f75dad/url (Caused by NewConnectionError('<urllib3.connection.HTTPConnection object at 0x10a21c050>: Failed to establish a new connection: [Errno 61] Connection refused'))
2025-03-12 20:10:58,617 - __main__ - INFO - Worker 2: Úspěšně zpracována série MRTSMPCIM4400AUSS
2025-03-12 20:10:59,022 - urllib3.connectionpool - WARNING - Retrying (Retry(total=2, connect=None, read=None, redirect=None, status=None)) after connection broken by 'NewConnectionError('<urllib3.connection.HTTPConnection object at 0x107aa7680>: Failed to establish a new connection: [Errno 61] Connection refused')': /session/4cfff265ab02663cc804d617b2bcb7ec/url
2025-03-12 20:10:59,023 - urllib3.connectionpool - WARNING - Retrying (Retry(total=1, connect=None, read=None, redirect=None, status=None)) after connection broken by 'NewConnectionError('<urllib3.connection.HTTPConnection object at 0x107aa7460>: Failed to establish a new connection: [Errno 61] Connection refused')': /session/4cfff265ab02663cc804d617b2bcb7ec/url
2025-03-12 20:10:59,024 - urllib3.connectionpool - WARNING - Retrying (Retry(total=0, connect=None, read=None, redirect=None, status=None)) after connection broken by 'NewConnectionError('<urllib3.connection.HTTPConnection object at 0x107aa7240>: Failed to establish a new connection: [Errno 61] Connection refused')': /session/4cfff265ab02663cc804d617b2bcb7ec/url
2025-03-12 20:10:59,025 - __main__ - ERROR - Kritická chyba při získávání metadat pro IHLCHGAU: HTTPConnectionPool(host='localhost', port=55364): Max retries exceeded with url: /session/4cfff265ab02663cc804d617b2bcb7ec/url (Caused by NewConnectionError('<urllib3.connection.HTTPConnection object at 0x107aa7020>: Failed to establish a new connection: [Errno 61] Connection refused'))
2025-03-12 20:10:59,025 - __main__ - INFO - Worker 1: Úspěšně zpracována série IHLCHGAU
2025-03-12 20:15:27,850 - __main__ - ERROR - Musíte zadat buď --series nebo --input
2025-03-12 20:15:35,084 - __main__ - INFO - Zpracovávám sérii ze souboru: fred_series_progress_1741804588.csv
2025-03-12 20:15:35,111 - __main__ - INFO - Načteno 24009 sérií z fred_series_progress_1741804588.csv
2025-03-12 20:15:35,142 - __main__ - INFO - Rozděleno 24009 sérií mezi 4 workerů
2025-03-12 20:15:42,922 - __main__ - INFO - Extrahovaná metadata pro IDSGGGAMNINIGI: {'series_id': 'IDSGGGAMNINIGI', 'title': 'Federal Reserve Economic Data', 'frequency': 'Quarterly', 'units': 'Percent', 'seasonal_adjustment': 'Seasonally Adjusted', 'last_updated': 'Sep 14, 2015 3:02 PM CDT', 'source': 'FRED', 'data_source': 'Bank for International Settlements via FRED®'}
2025-03-12 20:15:42,922 - __main__ - INFO - Worker 3: Úspěšně zpracována série IDSGGGAMNINIGI
2025-03-12 20:15:43,053 - __main__ - INFO - Extrahovaná metadata pro CROASMIDTIER: {'series_id': 'CROASMIDTIER', 'title': 'Federal Reserve Economic Data', 'frequency': 'Monthly', 'units': 'Percent', 'seasonal_adjustment': 'Seasonally Adjusted', 'last_updated': 'Mar 7, 2025 1:14 PM CST', 'source': 'FRED', 'data_source': 'Andrew Davidson & Co., Inc. via FRED®'}
2025-03-12 20:15:43,053 - __main__ - INFO - Extrahovaná metadata pro IHLCHG32820: {'series_id': 'IHLCHG32820', 'title': 'Federal Reserve Economic Data', 'frequency': 'Monthly', 'units': 'Percent', 'seasonal_adjustment': 'Seasonally Adjusted', 'last_updated': 'Dec 1, 2022 3:15 PM CST', 'source': 'FRED', 'data_source': 'Indeed via FRED®'}
2025-03-12 20:15:43,053 - __main__ - INFO - Worker 0: Úspěšně zpracována série CROASMIDTIER
2025-03-12 20:15:43,053 - __main__ - INFO - Worker 1: Úspěšně zpracována série IHLCHG32820
2025-03-12 20:15:43,518 - __main__ - INFO - Extrahovaná metadata pro RSGASSN: {'series_id': 'RSGASSN', 'title': 'Federal Reserve Economic Data', 'frequency': 'Monthly', 'units': 'Millions of Dollars', 'seasonal_adjustment': 'Seasonally Adjusted', 'last_updated': 'Feb 14, 2025 7:34 AM CST', 'source': 'FRED', 'data_source': 'U.S. Census Bureau via FRED®'}
2025-03-12 20:15:43,518 - __main__ - INFO - Worker 2: Úspěšně zpracována série RSGASSN
2025-03-12 20:15:46,464 - __main__ - INFO - Extrahovaná metadata pro IHLCHGAUTPREALESTA: {'series_id': 'IHLCHGAUTPREALESTA', 'title': 'Federal Reserve Economic Data', 'frequency': 'Monthly', 'units': 'Percent', 'seasonal_adjustment': 'Seasonally Adjusted', 'last_updated': 'Dec 1, 2022 3:15 PM CST', 'source': 'FRED', 'data_source': 'Indeed via FRED®'}
2025-03-12 20:15:46,464 - __main__ - INFO - Worker 1: Úspěšně zpracována série IHLCHGAUTPREALESTA
2025-03-12 20:15:48,030 - __main__ - INFO - Extrahovaná metadata pro IBANRIAOGI: {'series_id': 'IBANRIAOGI', 'title': 'Federal Reserve Economic Data', 'frequency': 'Quarterly', 'units': 'Percent', 'seasonal_adjustment': 'Seasonally Adjusted', 'last_updated': 'Sep 14, 2015 1:49 PM CDT', 'source': 'FRED', 'data_source': 'Bank for International Settlements via FRED®'}
2025-03-12 20:15:48,030 - __main__ - INFO - Worker 3: Úspěšně zpracována série IBANRIAOGI
2025-03-12 20:15:48,064 - __main__ - INFO - Extrahovaná metadata pro CROASTIER0: {'series_id': 'CROASTIER0', 'title': 'Federal Reserve Economic Data', 'frequency': 'Monthly', 'units': 'Percent', 'seasonal_adjustment': 'Seasonally Adjusted', 'last_updated': 'Mar 7, 2025 1:14 PM CST', 'source': 'FRED', 'data_source': 'Andrew Davidson & Co., Inc. via FRED®'}
2025-03-12 20:15:48,064 - __main__ - INFO - Worker 0: Úspěšně zpracována série CROASTIER0
2025-03-12 20:15:48,186 - __main__ - INFO - Extrahovaná metadata pro MARTSMPCSM447USS: {'series_id': 'MARTSMPCSM447USS', 'title': 'Federal Reserve Economic Data', 'frequency': 'Monthly', 'units': 'Millions of Dollars', 'seasonal_adjustment': 'Seasonally Adjusted', 'last_updated': 'Feb 14, 2025 7:34 AM CST', 'source': 'FRED', 'data_source': 'U.S. Census Bureau via FRED®'}
2025-03-12 20:15:48,186 - __main__ - INFO - Worker 2: Úspěšně zpracována série MARTSMPCSM447USS
2025-03-12 20:15:50,509 - __main__ - INFO - Extrahovaná metadata pro DHIDFHRVIM: {'series_id': 'DHIDFHRVIM', 'title': 'Federal Reserve Economic Data', 'frequency': 'Monthly', 'units': 'Percent', 'seasonal_adjustment': 'Seasonally Adjusted', 'last_updated': 'Jun 11, 2018 9:21 AM CDT', 'source': 'FRED', 'data_source': 'DHI Group, Inc. via FRED®'}
2025-03-12 20:15:50,509 - __main__ - INFO - Worker 1: Úspěšně zpracována série DHIDFHRVIM
2025-03-12 20:15:51,769 - __main__ - INFO - Extrahovaná metadata pro CROASTIER1: {'series_id': 'CROASTIER1', 'title': 'Federal Reserve Economic Data', 'frequency': 'Monthly', 'units': 'Percent', 'seasonal_adjustment': 'Seasonally Adjusted', 'last_updated': 'Mar 7, 2025 1:14 PM CST', 'source': 'FRED', 'data_source': 'Andrew Davidson & Co., Inc. via FRED®'}
2025-03-12 20:15:51,769 - __main__ - INFO - Worker 0: Úspěšně zpracována série CROASTIER1
2025-03-12 20:15:52,110 - __main__ - INFO - Extrahovaná metadata pro MARTSMPCSM447USN: {'series_id': 'MARTSMPCSM447USN', 'title': 'Federal Reserve Economic Data', 'frequency': 'Monthly', 'units': 'Millions of Dollars', 'seasonal_adjustment': 'Seasonally Adjusted', 'last_updated': 'Feb 14, 2025 7:34 AM CST', 'source': 'FRED', 'data_source': 'U.S. Census Bureau via FRED®'}
2025-03-12 20:15:52,110 - __main__ - INFO - Worker 2: Úspěšně zpracována série MARTSMPCSM447USN
2025-03-12 20:15:52,426 - __main__ - INFO - Extrahovaná metadata pro IDSGFCAMNIAOGI: {'series_id': 'IDSGFCAMNIAOGI', 'title': 'Federal Reserve Economic Data', 'frequency': 'Quarterly', 'units': 'Percent', 'seasonal_adjustment': 'Seasonally Adjusted', 'last_updated': 'Sep 14, 2015 1:45 PM CDT', 'source': 'FRED', 'data_source': 'Bank for International Settlements via FRED®'}
2025-03-12 20:15:52,426 - __main__ - INFO - Worker 3: Úspěšně zpracována série IDSGFCAMNIAOGI
2025-03-12 20:15:53,455 - __main__ - INFO - Extrahovaná metadata pro IHLCHGGBTPBAFI: {'series_id': 'IHLCHGGBTPBAFI', 'title': 'Federal Reserve Economic Data', 'frequency': 'Monthly', 'units': 'Percent', 'seasonal_adjustment': 'Seasonally Adjusted', 'last_updated': 'Dec 1, 2022 3:14 PM CST', 'source': 'FRED', 'data_source': 'Indeed via FRED®'}
2025-03-12 20:15:53,455 - __main__ - INFO - Worker 1: Úspěšně zpracována série IHLCHGGBTPBAFI
2025-03-12 20:15:55,621 - __main__ - INFO - Extrahovaná metadata pro IDSGAMNIAOGI: {'series_id': 'IDSGAMNIAOGI', 'title': 'Federal Reserve Economic Data', 'frequency': 'Quarterly', 'units': 'Percent', 'seasonal_adjustment': 'Seasonally Adjusted', 'last_updated': 'Mar 11, 2025 11:04 AM CDT', 'source': 'FRED', 'data_source': 'Bank for International Settlements via FRED®'}
2025-03-12 20:15:55,621 - __main__ - INFO - Worker 3: Úspěšně zpracována série IDSGAMNIAOGI
2025-03-12 20:15:56,224 - __main__ - INFO - Extrahovaná metadata pro CRTINDEXTIER1: {'series_id': 'CRTINDEXTIER1', 'title': 'Federal Reserve Economic Data', 'frequency': 'Monthly', 'units': 'Percent', 'seasonal_adjustment': 'Seasonally Adjusted', 'last_updated': 'Mar 7, 2025 11:33 AM CST', 'source': 'FRED', 'data_source': 'Andrew Davidson & Co., Inc. via FRED®'}
2025-03-12 20:15:56,224 - __main__ - INFO - Worker 0: Úspěšně zpracována série CRTINDEXTIER1
2025-03-12 20:15:56,500 - __main__ - INFO - Extrahovaná metadata pro MRTSIM4400AUSS: {'series_id': 'MRTSIM4400AUSS', 'title': 'Federal Reserve Economic Data', 'frequency': 'Monthly', 'units': 'Millions of Dollars', 'seasonal_adjustment': 'Seasonally Adjusted', 'last_updated': 'Feb 14, 2025 9:07 AM CST', 'source': 'FRED', 'data_source': 'U.S. Census Bureau via FRED®'}
2025-03-12 20:15:56,500 - __main__ - INFO - Worker 2: Úspěšně zpracována série MRTSIM4400AUSS
2025-03-12 20:15:57,210 - __main__ - INFO - Extrahovaná metadata pro IHLIDXFRTPITOPHE: {'series_id': 'IHLIDXFRTPITOPHE', 'title': 'Federal Reserve Economic Data', 'frequency': 'Monthly', 'units': 'Percent', 'seasonal_adjustment': 'Seasonally Adjusted', 'last_updated': 'Mar 3, 2025 9:05 AM CST', 'source': 'FRED', 'data_source': 'Indeed via FRED®'}
2025-03-12 20:15:57,211 - __main__ - INFO - Worker 1: Úspěšně zpracována série IHLIDXFRTPITOPHE
2025-03-12 20:15:58,650 - __main__ - INFO - Extrahovaná metadata pro ARGIBA475SCEN: {'series_id': 'ARGIBA475SCEN', 'title': 'Federal Reserve Economic Data', 'frequency': 'Annual', 'units': 'Percent', 'seasonal_adjustment': 'Seasonally Adjusted', 'last_updated': 'Aug 27, 2015 6:26 PM CDT', 'source': 'FRED', 'data_source': 'U.S. Census Bureau via FRED®'}
2025-03-12 20:15:58,650 - __main__ - INFO - Worker 3: Úspěšně zpracována série ARGIBA475SCEN
2025-03-12 20:16:00,868 - __main__ - INFO - Extrahovaná metadata pro DHIDFHDMIWRT: {'series_id': 'DHIDFHDMIWRT', 'title': 'Federal Reserve Economic Data', 'frequency': 'Monthly', 'units': 'Percent', 'seasonal_adjustment': 'Seasonally Adjusted', 'last_updated': 'Jun 11, 2018 9:21 AM CDT', 'source': 'FRED', 'data_source': 'DHI Group, Inc. via FRED®'}
2025-03-12 20:16:00,868 - __main__ - INFO - Worker 1: Úspěšně zpracována série DHIDFHDMIWRT
2025-03-12 20:16:00,986 - __main__ - INFO - Extrahovaná metadata pro MRTSIM4400AUSN: {'series_id': 'MRTSIM4400AUSN', 'title': 'Federal Reserve Economic Data', 'frequency': 'Monthly', 'units': 'Millions of Dollars', 'seasonal_adjustment': 'Seasonally Adjusted', 'last_updated': 'Feb 14, 2025 9:07 AM CST', 'source': 'FRED', 'data_source': 'U.S. Census Bureau via FRED®'}
2025-03-12 20:16:00,986 - __main__ - INFO - Extrahovaná metadata pro CROASTIER3: {'series_id': 'CROASTIER3', 'title': 'Federal Reserve Economic Data', 'frequency': 'Monthly', 'units': 'Percent', 'seasonal_adjustment': 'Seasonally Adjusted', 'last_updated': 'Mar 7, 2025 1:14 PM CST', 'source': 'FRED', 'data_source': 'Andrew Davidson & Co., Inc. via FRED®'}
2025-03-12 20:16:00,986 - __main__ - INFO - Worker 2: Úspěšně zpracována série MRTSIM4400AUSN
2025-03-12 20:16:00,986 - __main__ - INFO - Worker 0: Úspěšně zpracována série CROASTIER3
2025-03-12 20:16:02,434 - __main__ - INFO - Extrahovaná metadata pro AZGIBA052SCEN: {'series_id': 'AZGIBA052SCEN', 'title': 'Federal Reserve Economic Data', 'frequency': 'Annual', 'units': 'Percent', 'seasonal_adjustment': 'Seasonally Adjusted', 'last_updated': 'Jan 29, 2021 2:46 PM CST', 'source': 'FRED', 'data_source': 'U.S. Census Bureau via FRED®'}
2025-03-12 20:16:02,434 - __main__ - INFO - Worker 3: Úspěšně zpracována série AZGIBA052SCEN
2025-03-12 20:16:04,389 - __main__ - INFO - Extrahovaná metadata pro CROASTIER2: {'series_id': 'CROASTIER2', 'title': 'Federal Reserve Economic Data', 'frequency': 'Monthly', 'units': 'Percent', 'seasonal_adjustment': 'Seasonally Adjusted', 'last_updated': 'Mar 7, 2025 1:14 PM CST', 'source': 'FRED', 'data_source': 'Andrew Davidson & Co., Inc. via FRED®'}
2025-03-12 20:16:04,389 - __main__ - INFO - Worker 0: Úspěšně zpracována série CROASTIER2
2025-03-12 20:16:04,452 - __main__ - INFO - Extrahovaná metadata pro MRTSMPCIM4400AUSS: {'series_id': 'MRTSMPCIM4400AUSS', 'title': 'Federal Reserve Economic Data', 'frequency': 'Monthly', 'units': 'Millions of Dollars', 'seasonal_adjustment': 'Seasonally Adjusted', 'last_updated': 'Feb 14, 2025 9:07 AM CST', 'source': 'FRED', 'data_source': 'U.S. Census Bureau via FRED®'}
2025-03-12 20:16:04,452 - __main__ - INFO - Worker 2: Úspěšně zpracována série MRTSMPCIM4400AUSS
2025-03-12 20:16:05,235 - __main__ - INFO - Extrahovaná metadata pro IHLCHGAU: {'series_id': 'IHLCHGAU', 'title': 'Federal Reserve Economic Data', 'frequency': 'Monthly', 'units': 'Percent', 'seasonal_adjustment': 'Seasonally Adjusted', 'last_updated': 'Dec 1, 2022 3:14 PM CST', 'source': 'FRED', 'data_source': 'Indeed via FRED®'}
2025-03-12 20:16:05,235 - __main__ - INFO - Worker 1: Úspěšně zpracována série IHLCHGAU
2025-03-12 20:16:05,709 - __main__ - INFO - Extrahovaná metadata pro IBANAINIAIGI: {'series_id': 'IBANAINIAIGI', 'title': 'Federal Reserve Economic Data', 'frequency': 'Quarterly', 'units': 'Percent', 'seasonal_adjustment': 'Seasonally Adjusted', 'last_updated': 'Sep 14, 2015 1:51 PM CDT', 'source': 'FRED', 'data_source': 'Bank for International Settlements via FRED®'}
2025-03-12 20:16:05,709 - __main__ - INFO - Worker 3: Úspěšně zpracována série IBANAINIAIGI
2025-03-12 20:16:08,111 - __main__ - INFO - Extrahovaná metadata pro CRTINDEXTIER0: {'series_id': 'CRTINDEXTIER0', 'title': 'Federal Reserve Economic Data', 'frequency': 'Monthly', 'units': 'Percent', 'seasonal_adjustment': 'Seasonally Adjusted', 'last_updated': 'Mar 7, 2025 11:33 AM CST', 'source': 'FRED', 'data_source': 'Andrew Davidson & Co., Inc. via FRED®'}
2025-03-12 20:16:08,111 - __main__ - INFO - Worker 0: Úspěšně zpracována série CRTINDEXTIER0
2025-03-12 20:16:08,598 - __main__ - INFO - Extrahovaná metadata pro IHLIDXDETPLOST: {'series_id': 'IHLIDXDETPLOST', 'title': 'Federal Reserve Economic Data', 'frequency': 'Monthly', 'units': 'Percent', 'seasonal_adjustment': 'Seasonally Adjusted', 'last_updated': 'Mar 3, 2025 9:06 AM CST', 'source': 'FRED', 'data_source': 'Indeed via FRED®'}
2025-03-12 20:16:08,598 - __main__ - INFO - Worker 1: Úspěšně zpracována série IHLIDXDETPLOST
2025-03-12 20:16:08,755 - __main__ - INFO - Extrahovaná metadata pro MRTSMPCIM4400AUSN: {'series_id': 'MRTSMPCIM4400AUSN', 'title': 'Federal Reserve Economic Data', 'frequency': 'Monthly', 'units': 'Millions of Dollars', 'seasonal_adjustment': 'Seasonally Adjusted', 'last_updated': 'Feb 14, 2025 9:07 AM CST', 'source': 'FRED', 'data_source': 'U.S. Census Bureau via FRED®'}
2025-03-12 20:16:08,755 - __main__ - INFO - Worker 2: Úspěšně zpracována série MRTSMPCIM4400AUSN
2025-03-12 20:16:09,745 - __main__ - INFO - Extrahovaná metadata pro ILGIBA475SCEN: {'series_id': 'ILGIBA475SCEN', 'title': 'Federal Reserve Economic Data', 'frequency': 'Annual', 'units': 'Percent', 'seasonal_adjustment': 'Seasonally Adjusted', 'last_updated': 'Jan 29, 2021 2:44 PM CST', 'source': 'FRED', 'data_source': 'U.S. Census Bureau via FRED®'}
2025-03-12 20:16:09,745 - __main__ - INFO - Worker 3: Úspěšně zpracována série ILGIBA475SCEN
2025-03-12 20:16:11,127 - __main__ - INFO - Extrahovaná metadata pro CRTINDEXTIER3: {'series_id': 'CRTINDEXTIER3', 'title': 'Federal Reserve Economic Data', 'frequency': 'Monthly', 'units': 'Percent', 'seasonal_adjustment': 'Seasonally Adjusted', 'last_updated': 'Mar 7, 2025 11:33 AM CST', 'source': 'FRED', 'data_source': 'Andrew Davidson & Co., Inc. via FRED®'}
2025-03-12 20:16:11,127 - __main__ - INFO - Worker 0: Úspěšně zpracována série CRTINDEXTIER3
2025-03-12 20:16:13,040 - __main__ - INFO - Extrahovaná metadata pro IHLIDXUSTN: {'series_id': 'IHLIDXUSTN', 'title': 'Federal Reserve Economic Data', 'frequency': 'Monthly', 'units': 'Percent', 'seasonal_adjustment': 'Seasonally Adjusted', 'last_updated': 'Mar 3, 2025 9:03 AM CST', 'source': 'FRED', 'data_source': 'Indeed via FRED®'}
2025-03-12 20:16:13,040 - __main__ - INFO - Worker 1: Úspěšně zpracována série IHLIDXUSTN
2025-03-12 20:16:13,404 - __main__ - INFO - Extrahovaná metadata pro IDSAMRINIGI: {'series_id': 'IDSAMRINIGI', 'title': 'Federal Reserve Economic Data', 'frequency': 'Quarterly', 'units': 'Percent', 'seasonal_adjustment': 'Seasonally Adjusted', 'last_updated': 'Sep 16, 2024 11:04 AM CDT', 'source': 'FRED', 'data_source': 'Bank for International Settlements via FRED®'}
2025-03-12 20:16:13,404 - __main__ - INFO - Worker 3: Úspěšně zpracována série IDSAMRINIGI
2025-03-12 20:16:13,505 - __main__ - INFO - Extrahovaná metadata pro RSFSXMV: {'series_id': 'RSFSXMV', 'title': 'Federal Reserve Economic Data', 'frequency': 'Monthly', 'units': 'Millions of Dollars', 'seasonal_adjustment': 'Seasonally Adjusted', 'last_updated': 'Feb 14, 2025 7:34 AM CST', 'source': 'FRED', 'data_source': 'U.S. Census Bureau via FRED®'}
2025-03-12 20:16:13,506 - __main__ - INFO - Worker 2: Úspěšně zpracována série RSFSXMV
2025-03-12 20:16:14,447 - __main__ - INFO - Extrahovaná metadata pro CRTINDEXTIER2: {'series_id': 'CRTINDEXTIER2', 'title': 'Federal Reserve Economic Data', 'frequency': 'Monthly', 'units': 'Percent', 'seasonal_adjustment': 'Seasonally Adjusted', 'last_updated': 'Mar 7, 2025 11:33 AM CST', 'source': 'FRED', 'data_source': 'Andrew Davidson & Co., Inc. via FRED®'}
2025-03-12 20:16:14,447 - __main__ - INFO - Worker 0: Úspěšně zpracována série CRTINDEXTIER2
2025-03-12 20:16:16,093 - __main__ - INFO - Extrahovaná metadata pro IHLIDX40060: {'series_id': 'IHLIDX40060', 'title': 'Federal Reserve Economic Data', 'frequency': 'Monthly', 'units': 'Percent', 'seasonal_adjustment': 'Seasonally Adjusted', 'last_updated': 'Feb 18, 2025 9:06 AM CST', 'source': 'FRED', 'data_source': 'Indeed via FRED®'}
2025-03-12 20:16:16,093 - __main__ - INFO - Worker 1: Úspěšně zpracována série IHLIDX40060
2025-03-12 20:16:16,093 - __main__ - INFO - Worker 1: Zpracováno 10/6003 sérií
2025-03-12 20:16:17,215 - __main__ - INFO - Extrahovaná metadata pro RSFSXMVN: {'series_id': 'RSFSXMVN', 'title': 'Federal Reserve Economic Data', 'frequency': 'Monthly', 'units': 'Millions of Dollars', 'seasonal_adjustment': 'Seasonally Adjusted', 'last_updated': 'Feb 14, 2025 7:34 AM CST', 'source': 'FRED', 'data_source': 'U.S. Census Bureau via FRED®'}
2025-03-12 20:16:17,216 - __main__ - INFO - Worker 2: Úspěšně zpracována série RSFSXMVN
2025-03-12 20:16:18,127 - __main__ - INFO - Extrahovaná metadata pro ALGIBA475SCEN: {'series_id': 'ALGIBA475SCEN', 'title': 'Federal Reserve Economic Data', 'frequency': 'Annual', 'units': 'Percent', 'seasonal_adjustment': 'Seasonally Adjusted', 'last_updated': 'Jun 26, 2018 9:43 AM CDT', 'source': 'FRED', 'data_source': 'U.S. Census Bureau via FRED®'}
2025-03-12 20:16:18,127 - __main__ - INFO - Worker 3: Úspěšně zpracována série ALGIBA475SCEN
2025-03-12 20:16:18,127 - __main__ - INFO - Worker 3: Zpracováno 10/6000 sérií
2025-03-12 20:16:19,275 - __main__ - INFO - Extrahovaná metadata pro CRTINDEXMIDTIER: {'series_id': 'CRTINDEXMIDTIER', 'title': 'Federal Reserve Economic Data', 'frequency': 'Monthly', 'units': 'Percent', 'seasonal_adjustment': 'Seasonally Adjusted', 'last_updated': 'Mar 7, 2025 11:33 AM CST', 'source': 'FRED', 'data_source': 'Andrew Davidson & Co., Inc. via FRED®'}
2025-03-12 20:16:19,275 - __main__ - INFO - Worker 0: Úspěšně zpracována série CRTINDEXMIDTIER
2025-03-12 20:16:19,275 - __main__ - INFO - Worker 0: Zpracováno 10/6003 sérií
2025-03-12 20:16:20,255 - __main__ - INFO - Extrahovaná metadata pro IHLIDXGBTPSCREDE: {'series_id': 'IHLIDXGBTPSCREDE', 'title': 'Federal Reserve Economic Data', 'frequency': 'Monthly', 'units': 'Percent', 'seasonal_adjustment': 'Seasonally Adjusted', 'last_updated': 'Mar 3, 2025 9:05 AM CST', 'source': 'FRED', 'data_source': 'Indeed via FRED®'}
2025-03-12 20:16:20,255 - __main__ - INFO - Worker 1: Úspěšně zpracována série IHLIDXGBTPSCREDE
2025-03-12 20:16:20,878 - __main__ - INFO - Extrahovaná metadata pro MARTSMPCSM44Y72USS: {'series_id': 'MARTSMPCSM44Y72USS', 'title': 'Federal Reserve Economic Data', 'frequency': 'Monthly', 'units': 'Millions of Dollars', 'seasonal_adjustment': 'Seasonally Adjusted', 'last_updated': 'Feb 14, 2025 7:34 AM CST', 'source': 'FRED', 'data_source': 'U.S. Census Bureau via FRED®'}
2025-03-12 20:16:20,878 - __main__ - INFO - Worker 2: Úspěšně zpracována série MARTSMPCSM44Y72USS
2025-03-12 20:16:20,878 - __main__ - INFO - Worker 2: Zpracováno 10/6003 sérií
2025-03-12 20:16:21,763 - __main__ - INFO - Extrahovaná metadata pro IDSGAMNINIGI: {'series_id': 'IDSGAMNINIGI', 'title': 'Federal Reserve Economic Data', 'frequency': 'Quarterly', 'units': 'Percent', 'seasonal_adjustment': 'Seasonally Adjusted', 'last_updated': 'Mar 11, 2025 11:04 AM CDT', 'source': 'FRED', 'data_source': 'Bank for International Settlements via FRED®'}
2025-03-12 20:16:21,763 - __main__ - INFO - Worker 3: Úspěšně zpracována série IDSGAMNINIGI
2025-03-12 20:16:23,143 - __main__ - INFO - Extrahovaná metadata pro IHLCHGUSTPLOST: {'series_id': 'IHLCHGUSTPLOST', 'title': 'Federal Reserve Economic Data', 'frequency': 'Monthly', 'units': 'Percent', 'seasonal_adjustment': 'Seasonally Adjusted', 'last_updated': 'Dec 1, 2022 3:14 PM CST', 'source': 'FRED', 'data_source': 'Indeed via FRED®'}
2025-03-12 20:16:23,144 - __main__ - INFO - Worker 1: Úspěšně zpracována série IHLCHGUSTPLOST
2025-03-12 20:16:23,875 - __main__ - INFO - Extrahovaná metadata pro VISASMIDNSA: {'series_id': 'VISASMIDNSA', 'title': 'Federal Reserve Economic Data', 'frequency': 'Monthly', 'units': 'Percent', 'seasonal_adjustment': 'Seasonally Adjusted', 'last_updated': 'Feb 13, 2025 9:01 AM CST', 'source': 'FRED', 'data_source': 'Visa via FRED®'}
2025-03-12 20:16:23,875 - __main__ - INFO - Worker 0: Úspěšně zpracována série VISASMIDNSA
2025-03-12 20:16:24,610 - __main__ - INFO - Extrahovaná metadata pro MARTSMPCSM44Y72USN: {'series_id': 'MARTSMPCSM44Y72USN', 'title': 'Federal Reserve Economic Data', 'frequency': 'Monthly', 'units': 'Millions of Dollars', 'seasonal_adjustment': 'Seasonally Adjusted', 'last_updated': 'Feb 14, 2025 7:34 AM CST', 'source': 'FRED', 'data_source': 'U.S. Census Bureau via FRED®'}
2025-03-12 20:16:24,610 - __main__ - INFO - Worker 2: Úspěšně zpracována série MARTSMPCSM44Y72USN
2025-03-12 20:16:26,456 - __main__ - INFO - Extrahovaná metadata pro NEGIBA475SCEN: {'series_id': 'NEGIBA475SCEN', 'title': 'Federal Reserve Economic Data', 'frequency': 'Annual', 'units': 'Percent', 'seasonal_adjustment': 'Seasonally Adjusted', 'last_updated': 'Jun 26, 2018 9:48 AM CDT', 'source': 'FRED', 'data_source': 'U.S. Census Bureau via FRED®'}
2025-03-12 20:16:26,456 - __main__ - INFO - Worker 3: Úspěšně zpracována série NEGIBA475SCEN
2025-03-12 20:16:27,312 - __main__ - INFO - Extrahovaná metadata pro IHLIDX37340: {'series_id': 'IHLIDX37340', 'title': 'Federal Reserve Economic Data', 'frequency': 'Monthly', 'units': 'Percent', 'seasonal_adjustment': 'Seasonally Adjusted', 'last_updated': 'Feb 18, 2025 9:06 AM CST', 'source': 'FRED', 'data_source': 'Indeed via FRED®'}
2025-03-12 20:16:27,312 - __main__ - INFO - Worker 1: Úspěšně zpracována série IHLIDX37340
2025-03-12 20:16:27,976 - __main__ - INFO - Extrahovaná metadata pro VISASMIDSA: {'series_id': 'VISASMIDSA', 'title': 'Federal Reserve Economic Data', 'frequency': 'Monthly', 'units': 'Percent', 'seasonal_adjustment': 'Seasonally Adjusted', 'last_updated': 'Feb 13, 2025 9:01 AM CST', 'source': 'FRED', 'data_source': 'Visa via FRED®'}
2025-03-12 20:16:27,976 - __main__ - INFO - Worker 0: Úspěšně zpracována série VISASMIDSA
2025-03-12 20:16:27,977 - __main__ - INFO - Extrahovaná metadata pro RSNSR: {'series_id': 'RSNSR', 'title': 'Federal Reserve Economic Data', 'frequency': 'Monthly', 'units': 'Millions of Dollars', 'seasonal_adjustment': 'Seasonally Adjusted', 'last_updated': 'Feb 14, 2025 7:34 AM CST', 'source': 'FRED', 'data_source': 'U.S. Census Bureau via FRED®'}
2025-03-12 20:16:27,977 - __main__ - INFO - Worker 2: Úspěšně zpracována série RSNSR
2025-03-12 20:16:30,013 - __main__ - INFO - Extrahovaná metadata pro COGIBA475SCEN: {'series_id': 'COGIBA475SCEN', 'title': 'Federal Reserve Economic Data', 'frequency': 'Annual', 'units': 'Percent', 'seasonal_adjustment': 'Seasonally Adjusted', 'last_updated': 'Jun 26, 2018 9:52 AM CDT', 'source': 'FRED', 'data_source': 'U.S. Census Bureau via FRED®'}
2025-03-12 20:16:30,013 - __main__ - INFO - Worker 3: Úspěšně zpracována série COGIBA475SCEN
2025-03-12 20:16:31,165 - __main__ - INFO - Extrahovaná metadata pro VISASMIHNSA: {'series_id': 'VISASMIHNSA', 'title': 'Federal Reserve Economic Data', 'frequency': 'Monthly', 'units': 'Percent', 'seasonal_adjustment': 'Seasonally Adjusted', 'last_updated': 'Feb 13, 2025 9:01 AM CST', 'source': 'FRED', 'data_source': 'Visa via FRED®'}
2025-03-12 20:16:31,165 - __main__ - INFO - Worker 0: Úspěšně zpracována série VISASMIHNSA
2025-03-12 20:16:31,271 - __main__ - INFO - Extrahovaná metadata pro IHLCHG14460: {'series_id': 'IHLCHG14460', 'title': 'Federal Reserve Economic Data', 'frequency': 'Monthly', 'units': 'Percent', 'seasonal_adjustment': 'Seasonally Adjusted', 'last_updated': 'Dec 1, 2022 3:16 PM CST', 'source': 'FRED', 'data_source': 'Indeed via FRED®'}
2025-03-12 20:16:31,271 - __main__ - INFO - Worker 1: Úspěšně zpracována série IHLCHG14460
2025-03-12 20:16:31,876 - __main__ - INFO - Extrahovaná metadata pro RSNSRN: {'series_id': 'RSNSRN', 'title': 'Federal Reserve Economic Data', 'frequency': 'Monthly', 'units': 'Millions of Dollars', 'seasonal_adjustment': 'Seasonally Adjusted', 'last_updated': 'Feb 14, 2025 7:34 AM CST', 'source': 'FRED', 'data_source': 'U.S. Census Bureau via FRED®'}
2025-03-12 20:16:31,876 - __main__ - INFO - Worker 2: Úspěšně zpracována série RSNSRN
2025-03-12 20:16:34,164 - __main__ - INFO - Extrahovaná metadata pro VISASMIHSA: {'series_id': 'VISASMIHSA', 'title': 'Federal Reserve Economic Data', 'frequency': 'Monthly', 'units': 'Percent', 'seasonal_adjustment': 'Seasonally Adjusted', 'last_updated': 'Feb 13, 2025 9:01 AM CST', 'source': 'FRED', 'data_source': 'Visa via FRED®'}
2025-03-12 20:16:34,164 - __main__ - INFO - Worker 0: Úspěšně zpracována série VISASMIHSA
2025-03-12 20:16:34,230 - __main__ - INFO - Extrahovaná metadata pro IHLIDX39300: {'series_id': 'IHLIDX39300', 'title': 'Federal Reserve Economic Data', 'frequency': 'Monthly', 'units': 'Percent', 'seasonal_adjustment': 'Seasonally Adjusted', 'last_updated': 'Feb 18, 2025 9:06 AM CST', 'source': 'FRED', 'data_source': 'Indeed via FRED®'}
2025-03-12 20:16:34,230 - __main__ - INFO - Worker 1: Úspěšně zpracována série IHLIDX39300
2025-03-12 20:16:34,621 - __main__ - INFO - Extrahovaná metadata pro CTGIBA052SCEN: {'series_id': 'CTGIBA052SCEN', 'title': 'Federal Reserve Economic Data', 'frequency': 'Annual', 'units': 'Percent', 'seasonal_adjustment': 'Seasonally Adjusted', 'last_updated': 'Jun 26, 2018 9:52 AM CDT', 'source': 'FRED', 'data_source': 'U.S. Census Bureau via FRED®'}
2025-03-12 20:16:34,621 - __main__ - INFO - Worker 3: Úspěšně zpracována série CTGIBA052SCEN
2025-03-12 20:16:35,650 - __main__ - INFO - Extrahovaná metadata pro MARTSMPCSM454USS: {'series_id': 'MARTSMPCSM454USS', 'title': 'Federal Reserve Economic Data', 'frequency': 'Monthly', 'units': 'Millions of Dollars', 'seasonal_adjustment': 'Seasonally Adjusted', 'last_updated': 'Feb 14, 2025 7:34 AM CST', 'source': 'FRED', 'data_source': 'U.S. Census Bureau via FRED®'}
2025-03-12 20:16:35,651 - __main__ - INFO - Worker 2: Úspěšně zpracována série MARTSMPCSM454USS
2025-03-12 20:16:37,216 - __main__ - INFO - Extrahovaná metadata pro VISASMINNSA: {'series_id': 'VISASMINNSA', 'title': 'Federal Reserve Economic Data', 'frequency': 'Monthly', 'units': 'Percent', 'seasonal_adjustment': 'Seasonally Adjusted', 'last_updated': 'Feb 13, 2025 9:01 AM CST', 'source': 'FRED', 'data_source': 'Visa via FRED®'}
2025-03-12 20:16:37,216 - __main__ - INFO - Worker 0: Úspěšně zpracována série VISASMINNSA
2025-03-12 20:16:38,415 - __main__ - INFO - Extrahovaná metadata pro IDGIBA475SCEN: {'series_id': 'IDGIBA475SCEN', 'title': 'Federal Reserve Economic Data', 'frequency': 'Annual', 'units': 'Percent', 'seasonal_adjustment': 'Seasonally Adjusted', 'last_updated': 'Aug 27, 2015 6:04 PM CDT', 'source': 'FRED', 'data_source': 'U.S. Census Bureau via FRED®'}
2025-03-12 20:16:38,415 - __main__ - INFO - Worker 3: Úspěšně zpracována série IDGIBA475SCEN
2025-03-12 20:16:38,598 - __main__ - INFO - Extrahovaná metadata pro IHLIDXGBTPARCH: {'series_id': 'IHLIDXGBTPARCH', 'title': 'Federal Reserve Economic Data', 'frequency': 'Monthly', 'units': 'Percent', 'seasonal_adjustment': 'Seasonally Adjusted', 'last_updated': 'Mar 3, 2025 9:05 AM CST', 'source': 'FRED', 'data_source': 'Indeed via FRED®'}
2025-03-12 20:16:38,598 - __main__ - INFO - Worker 1: Úspěšně zpracována série IHLIDXGBTPARCH
2025-03-12 20:16:38,702 - __main__ - INFO - Extrahovaná metadata pro MARTSMPCSM454USN: {'series_id': 'MARTSMPCSM454USN', 'title': 'Federal Reserve Economic Data', 'frequency': 'Monthly', 'units': 'Millions of Dollars', 'seasonal_adjustment': 'Seasonally Adjusted', 'last_updated': 'Feb 14, 2025 7:34 AM CST', 'source': 'FRED', 'data_source': 'U.S. Census Bureau via FRED®'}
2025-03-12 20:16:38,702 - __main__ - INFO - Worker 2: Úspěšně zpracována série MARTSMPCSM454USN
2025-03-12 20:16:41,433 - __main__ - INFO - Extrahovaná metadata pro IDSGFCAMNINIGI: {'series_id': 'IDSGFCAMNINIGI', 'title': 'Federal Reserve Economic Data', 'frequency': 'Quarterly', 'units': 'Percent', 'seasonal_adjustment': 'Seasonally Adjusted', 'last_updated': 'Sep 14, 2015 1:46 PM CDT', 'source': 'FRED', 'data_source': 'Bank for International Settlements via FRED®'}
2025-03-12 20:16:41,433 - __main__ - INFO - Worker 3: Úspěšně zpracována série IDSGFCAMNINIGI
2025-03-12 20:16:41,739 - __main__ - INFO - Extrahovaná metadata pro DHIDFHDMIWTU: {'series_id': 'DHIDFHDMIWTU', 'title': 'Federal Reserve Economic Data', 'frequency': 'Monthly', 'units': 'Percent', 'seasonal_adjustment': 'Seasonally Adjusted', 'last_updated': 'Jun 11, 2018 9:21 AM CDT', 'source': 'FRED', 'data_source': 'DHI Group, Inc. via FRED®'}
2025-03-12 20:16:41,739 - __main__ - INFO - Worker 1: Úspěšně zpracována série DHIDFHDMIWTU
2025-03-12 20:16:41,809 - __main__ - INFO - Extrahovaná metadata pro VISASMINSA: {'series_id': 'VISASMINSA', 'title': 'Federal Reserve Economic Data', 'frequency': 'Monthly', 'units': 'Percent', 'seasonal_adjustment': 'Seasonally Adjusted', 'last_updated': 'Feb 13, 2025 9:01 AM CST', 'source': 'FRED', 'data_source': 'Visa via FRED®'}
2025-03-12 20:16:41,809 - __main__ - INFO - Worker 0: Úspěšně zpracována série VISASMINSA
2025-03-12 20:16:42,854 - __main__ - INFO - Extrahovaná metadata pro RSMVPD: {'series_id': 'RSMVPD', 'title': 'Federal Reserve Economic Data', 'frequency': 'Monthly', 'units': 'Millions of Dollars', 'seasonal_adjustment': 'Seasonally Adjusted', 'last_updated': 'Feb 14, 2025 7:34 AM CST', 'source': 'FRED', 'data_source': 'U.S. Census Bureau via FRED®'}
2025-03-12 20:16:42,854 - __main__ - INFO - Worker 2: Úspěšně zpracována série RSMVPD
2025-03-12 20:16:44,479 - __main__ - INFO - Extrahovaná metadata pro IDSGGGAMNIAOGI: {'series_id': 'IDSGGGAMNIAOGI', 'title': 'Federal Reserve Economic Data', 'frequency': 'Quarterly', 'units': 'Percent', 'seasonal_adjustment': 'Seasonally Adjusted', 'last_updated': 'Sep 14, 2015 3:02 PM CDT', 'source': 'FRED', 'data_source': 'Bank for International Settlements via FRED®'}
2025-03-12 20:16:44,479 - __main__ - INFO - Worker 3: Úspěšně zpracována série IDSGGGAMNIAOGI
2025-03-12 20:16:45,331 - __main__ - INFO - Extrahovaná metadata pro RCCCBBALTOT: {'series_id': 'RCCCBBALTOT', 'title': 'Federal Reserve Economic Data', 'frequency': 'Quarterly', 'units': 'Percent', 'seasonal_adjustment': 'Seasonally Adjusted', 'last_updated': 'Feb 20, 2025 8:44 AM CST', 'source': 'FRED', 'data_source': 'Federal Reserve Bank of Philadelphia via FRED®'}
2025-03-12 20:16:45,331 - __main__ - INFO - Worker 0: Úspěšně zpracována série RCCCBBALTOT
2025-03-12 20:16:45,559 - __main__ - INFO - Extrahovaná metadata pro IHLIDXGBTPFOPRSE: {'series_id': 'IHLIDXGBTPFOPRSE', 'title': 'Federal Reserve Economic Data', 'frequency': 'Monthly', 'units': 'Percent', 'seasonal_adjustment': 'Seasonally Adjusted', 'last_updated': 'Mar 3, 2025 9:05 AM CST', 'source': 'FRED', 'data_source': 'Indeed via FRED®'}
2025-03-12 20:16:45,559 - __main__ - INFO - Worker 1: Úspěšně zpracována série IHLIDXGBTPFOPRSE
2025-03-12 20:16:46,839 - __main__ - INFO - Extrahovaná metadata pro RSMVPDN: {'series_id': 'RSMVPDN', 'title': 'Federal Reserve Economic Data', 'frequency': 'Monthly', 'units': 'Millions of Dollars', 'seasonal_adjustment': 'Seasonally Adjusted', 'last_updated': 'Feb 14, 2025 7:34 AM CST', 'source': 'FRED', 'data_source': 'U.S. Census Bureau via FRED®'}
2025-03-12 20:16:46,839 - __main__ - INFO - Worker 2: Úspěšně zpracována série RSMVPDN
2025-03-12 20:16:49,166 - __main__ - INFO - Extrahovaná metadata pro RCMFLOORIG: {'series_id': 'RCMFLOORIG', 'title': 'Federal Reserve Economic Data', 'frequency': 'Quarterly', 'units': 'Percent', 'seasonal_adjustment': 'Seasonally Adjusted', 'last_updated': 'Feb 20, 2025 8:44 AM CST', 'source': 'FRED', 'data_source': 'Federal Reserve Bank of Philadelphia via FRED®'}
2025-03-12 20:16:49,166 - __main__ - INFO - Worker 0: Úspěšně zpracována série RCMFLOORIG
2025-03-12 20:16:49,253 - __main__ - INFO - Extrahovaná metadata pro INGIBA052SCEN: {'series_id': 'INGIBA052SCEN', 'title': 'Federal Reserve Economic Data', 'frequency': 'Annual', 'units': 'Percent', 'seasonal_adjustment': 'Seasonally Adjusted', 'last_updated': 'Jun 26, 2018 9:51 AM CDT', 'source': 'FRED', 'data_source': 'U.S. Census Bureau via FRED®'}
2025-03-12 20:16:49,253 - __main__ - INFO - Worker 3: Úspěšně zpracována série INGIBA052SCEN
2025-03-12 20:16:49,740 - __main__ - INFO - Extrahovaná metadata pro IHLIDXUSLA: {'series_id': 'IHLIDXUSLA', 'title': 'Federal Reserve Economic Data', 'frequency': 'Monthly', 'units': 'Percent', 'seasonal_adjustment': 'Seasonally Adjusted', 'last_updated': 'Mar 3, 2025 9:04 AM CST', 'source': 'FRED', 'data_source': 'Indeed via FRED®'}
2025-03-12 20:16:49,741 - __main__ - INFO - Worker 1: Úspěšně zpracována série IHLIDXUSLA
2025-03-12 20:16:51,576 - __main__ - INFO - Extrahovaná metadata pro MARTSMPCSM441USS: {'series_id': 'MARTSMPCSM441USS', 'title': 'Federal Reserve Economic Data', 'frequency': 'Monthly', 'units': 'Millions of Dollars', 'seasonal_adjustment': 'Seasonally Adjusted', 'last_updated': 'Feb 14, 2025 7:34 AM CST', 'source': 'FRED', 'data_source': 'U.S. Census Bureau via FRED®'}
2025-03-12 20:16:51,576 - __main__ - INFO - Worker 2: Úspěšně zpracována série MARTSMPCSM441USS
2025-03-12 20:16:52,496 - __main__ - INFO - Extrahovaná metadata pro RCCCBACTDPD30P: {'series_id': 'RCCCBACTDPD30P', 'title': 'Federal Reserve Economic Data', 'frequency': 'Quarterly', 'units': 'Percent', 'seasonal_adjustment': 'Seasonally Adjusted', 'last_updated': 'Feb 20, 2025 8:44 AM CST', 'source': 'FRED', 'data_source': 'Federal Reserve Bank of Philadelphia via FRED®'}
2025-03-12 20:16:52,496 - __main__ - INFO - Worker 0: Úspěšně zpracována série RCCCBACTDPD30P
2025-03-12 20:16:52,877 - __main__ - INFO - Extrahovaná metadata pro IHLIDXGBTPPHAR: {'series_id': 'IHLIDXGBTPPHAR', 'title': 'Federal Reserve Economic Data', 'frequency': 'Monthly', 'units': 'Percent', 'seasonal_adjustment': 'Seasonally Adjusted', 'last_updated': 'Mar 3, 2025 9:05 AM CST', 'source': 'FRED', 'data_source': 'Indeed via FRED®'}
2025-03-12 20:16:52,877 - __main__ - INFO - Worker 1: Úspěšně zpracována série IHLIDXGBTPPHAR
2025-03-12 20:16:52,877 - __main__ - INFO - Worker 1: Zpracováno 20/6003 sérií
2025-03-12 20:16:52,937 - __main__ - INFO - Extrahovaná metadata pro INGIBA475SCEN: {'series_id': 'INGIBA475SCEN', 'title': 'Federal Reserve Economic Data', 'frequency': 'Annual', 'units': 'Percent', 'seasonal_adjustment': 'Seasonally Adjusted', 'last_updated': 'Jun 26, 2018 9:51 AM CDT', 'source': 'FRED', 'data_source': 'U.S. Census Bureau via FRED®'}
2025-03-12 20:16:52,937 - __main__ - INFO - Worker 3: Úspěšně zpracována série INGIBA475SCEN
2025-03-12 20:16:55,686 - __main__ - INFO - Extrahovaná metadata pro RCMFLOLTVPCT50: {'series_id': 'RCMFLOLTVPCT50', 'title': 'Federal Reserve Economic Data', 'frequency': 'Quarterly', 'units': 'Percent', 'seasonal_adjustment': 'Seasonally Adjusted', 'last_updated': 'Feb 20, 2025 8:44 AM CST', 'source': 'FRED', 'data_source': 'Federal Reserve Bank of Philadelphia via FRED®'}
2025-03-12 20:16:55,686 - __main__ - INFO - Worker 0: Úspěšně zpracována série RCMFLOLTVPCT50
2025-03-12 20:16:55,686 - __main__ - INFO - Worker 0: Zpracováno 20/6003 sérií
2025-03-12 20:16:55,745 - __main__ - INFO - Extrahovaná metadata pro MARTSMPCSM441USN: {'series_id': 'MARTSMPCSM441USN', 'title': 'Federal Reserve Economic Data', 'frequency': 'Monthly', 'units': 'Millions of Dollars', 'seasonal_adjustment': 'Seasonally Adjusted', 'last_updated': 'Feb 14, 2025 7:34 AM CST', 'source': 'FRED', 'data_source': 'U.S. Census Bureau via FRED®'}
2025-03-12 20:16:55,745 - __main__ - INFO - Worker 2: Úspěšně zpracována série MARTSMPCSM441USN
2025-03-12 20:16:55,923 - __main__ - INFO - Extrahovaná metadata pro IHLIDXGBTPDENT: {'series_id': 'IHLIDXGBTPDENT', 'title': 'Federal Reserve Economic Data', 'frequency': 'Monthly', 'units': 'Percent', 'seasonal_adjustment': 'Seasonally Adjusted', 'last_updated': 'Mar 3, 2025 9:05 AM CST', 'source': 'FRED', 'data_source': 'Indeed via FRED®'}
2025-03-12 20:16:55,923 - __main__ - INFO - Worker 1: Úspěšně zpracována série IHLIDXGBTPDENT
2025-03-12 20:16:56,484 - __main__ - INFO - Extrahovaná metadata pro KYGIBA052SCEN: {'series_id': 'KYGIBA052SCEN', 'title': 'Federal Reserve Economic Data', 'frequency': 'Annual', 'units': 'Percent', 'seasonal_adjustment': 'Seasonally Adjusted', 'last_updated': 'Jan 29, 2021 2:44 PM CST', 'source': 'FRED', 'data_source': 'U.S. Census Bureau via FRED®'}
2025-03-12 20:16:56,484 - __main__ - INFO - Worker 3: Úspěšně zpracována série KYGIBA052SCEN
2025-03-12 20:16:56,484 - __main__ - INFO - Worker 3: Zpracováno 20/6000 sérií
2025-03-12 20:16:58,756 - __main__ - INFO - Extrahovaná metadata pro RCMFLBACTDPDPCT30P: {'series_id': 'RCMFLBACTDPDPCT30P', 'title': 'Federal Reserve Economic Data', 'frequency': 'Quarterly', 'units': 'Percent', 'seasonal_adjustment': 'Seasonally Adjusted', 'last_updated': 'Feb 20, 2025 8:44 AM CST', 'source': 'FRED', 'data_source': 'Federal Reserve Bank of Philadelphia via FRED®'}
2025-03-12 20:16:58,756 - __main__ - INFO - Worker 0: Úspěšně zpracována série RCMFLBACTDPDPCT30P
2025-03-12 20:16:58,952 - __main__ - INFO - Extrahovaná metadata pro MRTSIR452USS: {'series_id': 'MRTSIR452USS', 'title': 'Federal Reserve Economic Data', 'frequency': 'Monthly', 'units': 'Percent', 'seasonal_adjustment': 'Seasonally Adjusted', 'last_updated': 'Feb 14, 2025 9:07 AM CST', 'source': 'FRED', 'data_source': 'U.S. Census Bureau via FRED®'}
2025-03-12 20:16:58,952 - __main__ - INFO - Worker 2: Úspěšně zpracována série MRTSIR452USS
2025-03-12 20:16:58,952 - __main__ - INFO - Worker 2: Zpracováno 20/6003 sérií
2025-03-12 20:16:59,975 - __main__ - INFO - Extrahovaná metadata pro NMGIBA475SCEN: {'series_id': 'NMGIBA475SCEN', 'title': 'Federal Reserve Economic Data', 'frequency': 'Annual', 'units': 'Percent', 'seasonal_adjustment': 'Seasonally Adjusted', 'last_updated': 'Aug 27, 2015 6:31 PM CDT', 'source': 'FRED', 'data_source': 'U.S. Census Bureau via FRED®'}
2025-03-12 20:16:59,975 - __main__ - INFO - Worker 3: Úspěšně zpracována série NMGIBA475SCEN
2025-03-12 20:17:00,219 - __main__ - INFO - Extrahovaná metadata pro IHLIDXCATPTHER: {'series_id': 'IHLIDXCATPTHER', 'title': 'Federal Reserve Economic Data', 'frequency': 'Monthly', 'units': 'Percent', 'seasonal_adjustment': 'Seasonally Adjusted', 'last_updated': 'Mar 3, 2025 9:06 AM CST', 'source': 'FRED', 'data_source': 'Indeed via FRED®'}
2025-03-12 20:17:00,219 - __main__ - INFO - Worker 1: Úspěšně zpracována série IHLIDXCATPTHER
2025-03-12 20:17:02,506 - __main__ - INFO - Extrahovaná metadata pro MRTSIR452USN: {'series_id': 'MRTSIR452USN', 'title': 'Federal Reserve Economic Data', 'frequency': 'Monthly', 'units': 'Percent', 'seasonal_adjustment': 'Seasonally Adjusted', 'last_updated': 'Feb 14, 2025 9:07 AM CST', 'source': 'FRED', 'data_source': 'U.S. Census Bureau via FRED®'}
2025-03-12 20:17:02,506 - __main__ - INFO - Worker 2: Úspěšně zpracována série MRTSIR452USN
2025-03-12 20:17:03,220 - __main__ - INFO - Extrahovaná metadata pro IHLIDXAUTPCOSOSE: {'series_id': 'IHLIDXAUTPCOSOSE', 'title': 'Federal Reserve Economic Data', 'frequency': 'Monthly', 'units': 'Percent', 'seasonal_adjustment': 'Seasonally Adjusted', 'last_updated': 'Mar 3, 2025 9:07 AM CST', 'source': 'FRED', 'data_source': 'Indeed via FRED®'}
2025-03-12 20:17:03,220 - __main__ - INFO - Worker 1: Úspěšně zpracována série IHLIDXAUTPCOSOSE
2025-03-12 20:17:03,368 - __main__ - INFO - Extrahovaná metadata pro TXGIBA475SCEN: {'series_id': 'TXGIBA475SCEN', 'title': 'Federal Reserve Economic Data', 'frequency': 'Annual', 'units': 'Percent', 'seasonal_adjustment': 'Seasonally Adjusted', 'last_updated': 'Jan 29, 2021 2:40 PM CST', 'source': 'FRED', 'data_source': 'U.S. Census Bureau via FRED®'}
2025-03-12 20:17:03,369 - __main__ - INFO - Worker 3: Úspěšně zpracována série TXGIBA475SCEN
2025-03-12 20:17:03,629 - __main__ - INFO - Extrahovaná metadata pro RCCCBSHRMIN: {'series_id': 'RCCCBSHRMIN', 'title': 'Federal Reserve Economic Data', 'frequency': 'Quarterly', 'units': 'Percent', 'seasonal_adjustment': 'Seasonally Adjusted', 'last_updated': 'Feb 20, 2025 8:44 AM CST', 'source': 'FRED', 'data_source': 'Federal Reserve Bank of Philadelphia via FRED®'}
2025-03-12 20:17:03,630 - __main__ - INFO - Worker 0: Úspěšně zpracována série RCCCBSHRMIN
2025-03-12 20:17:06,648 - __main__ - INFO - Extrahovaná metadata pro MRTSSM45112USN: {'series_id': 'MRTSSM45112USN', 'title': 'Federal Reserve Economic Data', 'frequency': 'Monthly', 'units': 'Millions of Dollars', 'seasonal_adjustment': 'Seasonally Adjusted', 'last_updated': 'Feb 14, 2025 9:07 AM CST', 'source': 'FRED', 'data_source': 'U.S. Census Bureau via FRED®'}
2025-03-12 20:17:06,648 - __main__ - INFO - Worker 2: Úspěšně zpracována série MRTSSM45112USN
2025-03-12 20:17:07,033 - __main__ - INFO - Extrahovaná metadata pro RCMFLBBALDPDPCT30P: {'series_id': 'RCMFLBBALDPDPCT30P', 'title': 'Federal Reserve Economic Data', 'frequency': 'Quarterly', 'units': 'Percent', 'seasonal_adjustment': 'Seasonally Adjusted', 'last_updated': 'Feb 20, 2025 8:44 AM CST', 'source': 'FRED', 'data_source': 'Federal Reserve Bank of Philadelphia via FRED®'}
2025-03-12 20:17:07,033 - __main__ - INFO - Worker 0: Úspěšně zpracována série RCMFLBBALDPDPCT30P
2025-03-12 20:17:07,858 - __main__ - INFO - Extrahovaná metadata pro VTGIBA475SCEN: {'series_id': 'VTGIBA475SCEN', 'title': 'Federal Reserve Economic Data', 'frequency': 'Annual', 'units': 'Percent', 'seasonal_adjustment': 'Seasonally Adjusted', 'last_updated': 'Jun 26, 2018 9:44 AM CDT', 'source': 'FRED', 'data_source': 'U.S. Census Bureau via FRED®'}
2025-03-12 20:17:07,858 - __main__ - INFO - Worker 3: Úspěšně zpracována série VTGIBA475SCEN
2025-03-12 20:17:08,031 - __main__ - INFO - Extrahovaná metadata pro IHLIDXAUTPRETA: {'series_id': 'IHLIDXAUTPRETA', 'title': 'Federal Reserve Economic Data', 'frequency': 'Monthly', 'units': 'Percent', 'seasonal_adjustment': 'Seasonally Adjusted', 'last_updated': 'Mar 3, 2025 9:07 AM CST', 'source': 'FRED', 'data_source': 'Indeed via FRED®'}
2025-03-12 20:17:08,031 - __main__ - INFO - Worker 1: Úspěšně zpracována série IHLIDXAUTPRETA
2025-03-12 20:17:09,986 - __main__ - INFO - Extrahovaná metadata pro RCMFLBACTDPDPCT90P: {'series_id': 'RCMFLBACTDPDPCT90P', 'title': 'Federal Reserve Economic Data', 'frequency': 'Quarterly', 'units': 'Percent', 'seasonal_adjustment': 'Seasonally Adjusted', 'last_updated': 'Feb 20, 2025 8:44 AM CST', 'source': 'FRED', 'data_source': 'Federal Reserve Bank of Philadelphia via FRED®'}
2025-03-12 20:17:09,987 - __main__ - INFO - Worker 0: Úspěšně zpracována série RCMFLBACTDPDPCT90P
2025-03-12 20:17:10,353 - __main__ - INFO - Extrahovaná metadata pro MRTSMPCSM45112USN: {'series_id': 'MRTSMPCSM45112USN', 'title': 'Federal Reserve Economic Data', 'frequency': 'Monthly', 'units': 'Millions of Dollars', 'seasonal_adjustment': 'Seasonally Adjusted', 'last_updated': 'Feb 14, 2025 9:07 AM CST', 'source': 'FRED', 'data_source': 'U.S. Census Bureau via FRED®'}
2025-03-12 20:17:10,353 - __main__ - INFO - Worker 2: Úspěšně zpracována série MRTSMPCSM45112USN
2025-03-12 20:17:11,189 - __main__ - INFO - Extrahovaná metadata pro IHLCHG17460: {'series_id': 'IHLCHG17460', 'title': 'Federal Reserve Economic Data', 'frequency': 'Monthly', 'units': 'Percent', 'seasonal_adjustment': 'Seasonally Adjusted', 'last_updated': 'Dec 1, 2022 3:16 PM CST', 'source': 'FRED', 'data_source': 'Indeed via FRED®'}
2025-03-12 20:17:11,189 - __main__ - INFO - Worker 1: Úspěšně zpracována série IHLCHG17460
2025-03-12 20:17:12,004 - __main__ - INFO - Extrahovaná metadata pro DEGIBA475SCEN: {'series_id': 'DEGIBA475SCEN', 'title': 'Federal Reserve Economic Data', 'frequency': 'Annual', 'units': 'Percent', 'seasonal_adjustment': 'Seasonally Adjusted', 'last_updated': 'Jun 26, 2018 9:51 AM CDT', 'source': 'FRED', 'data_source': 'U.S. Census Bureau via FRED®'}
2025-03-12 20:17:12,004 - __main__ - INFO - Worker 3: Úspěšně zpracována série DEGIBA475SCEN
2025-03-12 20:17:13,160 - __main__ - INFO - Extrahovaná metadata pro RCCCOORG: {'series_id': 'RCCCOORG', 'title': 'Federal Reserve Economic Data', 'frequency': 'Quarterly', 'units': 'Percent', 'seasonal_adjustment': 'Seasonally Adjusted', 'last_updated': 'Feb 20, 2025 8:44 AM CST', 'source': 'FRED', 'data_source': 'Federal Reserve Bank of Philadelphia via FRED®'}
2025-03-12 20:17:13,160 - __main__ - INFO - Worker 0: Úspěšně zpracována série RCCCOORG
2025-03-12 20:17:14,204 - __main__ - INFO - Extrahovaná metadata pro RETAILSMSA: {'series_id': 'RETAILSMSA', 'title': 'Federal Reserve Economic Data', 'frequency': 'Monthly', 'units': 'Millions of Dollars', 'seasonal_adjustment': 'Seasonally Adjusted', 'last_updated': 'Feb 14, 2025 9:01 AM CST', 'source': 'FRED', 'data_source': 'U.S. Census Bureau via FRED®'}
2025-03-12 20:17:14,204 - __main__ - INFO - Worker 2: Úspěšně zpracována série RETAILSMSA
2025-03-12 20:17:15,129 - __main__ - INFO - Extrahovaná metadata pro IDSBMRINIGI: {'series_id': 'IDSBMRINIGI', 'title': 'Federal Reserve Economic Data', 'frequency': 'Quarterly', 'units': 'Percent', 'seasonal_adjustment': 'Seasonally Adjusted', 'last_updated': 'Sep 14, 2015 3:03 PM CDT', 'source': 'FRED', 'data_source': 'Bank for International Settlements via FRED®'}
2025-03-12 20:17:15,129 - __main__ - INFO - Worker 3: Úspěšně zpracována série IDSBMRINIGI
2025-03-12 20:17:15,836 - __main__ - INFO - Extrahovaná metadata pro IHLCHG39300: {'series_id': 'IHLCHG39300', 'title': 'Federal Reserve Economic Data', 'frequency': 'Monthly', 'units': 'Percent', 'seasonal_adjustment': 'Seasonally Adjusted', 'last_updated': 'Dec 1, 2022 3:15 PM CST', 'source': 'FRED', 'data_source': 'Indeed via FRED®'}
2025-03-12 20:17:15,836 - __main__ - INFO - Worker 1: Úspěšně zpracována série IHLCHG39300
2025-03-12 20:17:16,846 - __main__ - INFO - Extrahovaná metadata pro RCCCBSCOREPCT50: {'series_id': 'RCCCBSCOREPCT50', 'title': 'Federal Reserve Economic Data', 'frequency': 'Quarterly', 'units': 'Percent', 'seasonal_adjustment': 'Seasonally Adjusted', 'last_updated': 'Feb 20, 2025 8:44 AM CST', 'source': 'FRED', 'data_source': 'Federal Reserve Bank of Philadelphia via FRED®'}
2025-03-12 20:17:16,846 - __main__ - INFO - Worker 0: Úspěšně zpracována série RCCCBSCOREPCT50
2025-03-12 20:17:18,110 - __main__ - INFO - Extrahovaná metadata pro RETAILSMNSA: {'series_id': 'RETAILSMNSA', 'title': 'Federal Reserve Economic Data', 'frequency': 'Monthly', 'units': 'Millions of Dollars', 'seasonal_adjustment': 'Seasonally Adjusted', 'last_updated': 'Feb 14, 2025 9:01 AM CST', 'source': 'FRED', 'data_source': 'U.S. Census Bureau via FRED®'}
2025-03-12 20:17:18,110 - __main__ - INFO - Worker 2: Úspěšně zpracována série RETAILSMNSA
2025-03-12 20:17:19,084 - __main__ - INFO - Extrahovaná metadata pro OKGIBA475SCEN: {'series_id': 'OKGIBA475SCEN', 'title': 'Federal Reserve Economic Data', 'frequency': 'Annual', 'units': 'Percent', 'seasonal_adjustment': 'Seasonally Adjusted', 'last_updated': 'Jun 26, 2018 9:46 AM CDT', 'source': 'FRED', 'data_source': 'U.S. Census Bureau via FRED®'}
2025-03-12 20:17:19,084 - __main__ - INFO - Worker 3: Úspěšně zpracována série OKGIBA475SCEN
2025-03-12 20:17:22,374 - __main__ - INFO - Extrahovaná metadata pro RCCCBACTDPD90P: {'series_id': 'RCCCBACTDPD90P', 'title': 'Federal Reserve Economic Data', 'frequency': 'Quarterly', 'units': 'Percent', 'seasonal_adjustment': 'Seasonally Adjusted', 'last_updated': 'Feb 20, 2025 8:44 AM CST', 'source': 'FRED', 'data_source': ''}
2025-03-12 20:17:22,374 - __main__ - INFO - Worker 0: Úspěšně zpracována série RCCCBACTDPD90P
2025-03-12 20:17:23,387 - __main__ - INFO - Extrahovaná metadata pro RETAILMPCSMSA: {'series_id': 'RETAILMPCSMSA', 'title': 'Federal Reserve Economic Data', 'frequency': 'Monthly', 'units': 'Millions of Dollars', 'seasonal_adjustment': 'Seasonally Adjusted', 'last_updated': 'Feb 14, 2025 9:01 AM CST', 'source': 'FRED', 'data_source': 'U.S. Census Bureau via FRED®'}
2025-03-12 20:17:23,387 - __main__ - INFO - Worker 2: Úspěšně zpracována série RETAILMPCSMSA
2025-03-12 20:17:23,924 - __main__ - INFO - Extrahovaná metadata pro NGDPRSAXDCGBQ: {'series_id': 'NGDPRSAXDCGBQ', 'title': 'Federal Reserve Economic Data', 'frequency': 'Quarterly', 'units': 'Percent', 'seasonal_adjustment': 'Seasonally Adjusted', 'last_updated': 'Jan 27, 2025 8:43 AM CST', 'source': 'FRED', 'data_source': 'International Monetary Fund via FRED®'}
2025-03-12 20:17:23,924 - __main__ - INFO - Worker 3: Úspěšně zpracována série NGDPRSAXDCGBQ
2025-03-12 20:17:24,388 - __main__ - INFO - Extrahovaná metadata pro IHLCHG39340: {'series_id': 'IHLCHG39340', 'title': 'Federal Reserve Economic Data', 'frequency': 'Monthly', 'units': 'Percent', 'seasonal_adjustment': 'Seasonally Adjusted', 'last_updated': 'Dec 1, 2022 3:15 PM CST', 'source': 'FRED', 'data_source': 'Indeed via FRED®'}
2025-03-12 20:17:24,388 - __main__ - INFO - Worker 1: Úspěšně zpracována série IHLCHG39340
2025-03-12 20:17:26,856 - __main__ - INFO - Extrahovaná metadata pro RCCCBSHRFULL: {'series_id': 'RCCCBSHRFULL', 'title': 'Federal Reserve Economic Data', 'frequency': 'Quarterly', 'units': 'Percent', 'seasonal_adjustment': 'Seasonally Adjusted', 'last_updated': 'Feb 20, 2025 8:44 AM CST', 'source': 'FRED', 'data_source': 'Federal Reserve Bank of Philadelphia via FRED®'}
2025-03-12 20:17:26,856 - __main__ - INFO - Worker 0: Úspěšně zpracována série RCCCBSHRFULL
2025-03-12 20:17:27,472 - __main__ - INFO - Extrahovaná metadata pro RETAILMPCSMNSA: {'series_id': 'RETAILMPCSMNSA', 'title': 'Federal Reserve Economic Data', 'frequency': 'Monthly', 'units': 'Millions of Dollars', 'seasonal_adjustment': 'Seasonally Adjusted', 'last_updated': 'Feb 14, 2025 9:01 AM CST', 'source': 'FRED', 'data_source': 'U.S. Census Bureau via FRED®'}
2025-03-12 20:17:27,472 - __main__ - INFO - Worker 2: Úspěšně zpracována série RETAILMPCSMNSA
2025-03-12 20:17:28,332 - __main__ - INFO - Extrahovaná metadata pro NGDPRNSAXDCGBQ: {'series_id': 'NGDPRNSAXDCGBQ', 'title': 'Federal Reserve Economic Data', 'frequency': 'Quarterly', 'units': 'Percent', 'seasonal_adjustment': 'Seasonally Adjusted', 'last_updated': 'Jan 27, 2025 8:43 AM CST', 'source': 'FRED', 'data_source': 'International Monetary Fund via FRED®'}
2025-03-12 20:17:28,332 - __main__ - INFO - Worker 3: Úspěšně zpracována série NGDPRNSAXDCGBQ
2025-03-12 20:17:28,440 - __main__ - INFO - Extrahovaná metadata pro IHLCHGGBTPELECENGI: {'series_id': 'IHLCHGGBTPELECENGI', 'title': 'Federal Reserve Economic Data', 'frequency': 'Monthly', 'units': 'Percent', 'seasonal_adjustment': 'Seasonally Adjusted', 'last_updated': 'Dec 1, 2022 3:14 PM CST', 'source': 'FRED', 'data_source': 'Indeed via FRED®'}
2025-03-12 20:17:28,440 - __main__ - INFO - Worker 1: Úspěšně zpracována série IHLCHGGBTPELECENGI
2025-03-12 20:17:29,967 - __main__ - INFO - Extrahovaná metadata pro RCMFLOACT: {'series_id': 'RCMFLOACT', 'title': 'Federal Reserve Economic Data', 'frequency': 'Quarterly', 'units': 'Percent', 'seasonal_adjustment': 'Seasonally Adjusted', 'last_updated': 'Feb 20, 2025 8:44 AM CST', 'source': 'FRED', 'data_source': 'Federal Reserve Bank of Philadelphia via FRED®'}
2025-03-12 20:17:29,967 - __main__ - INFO - Worker 0: Úspěšně zpracována série RCMFLOACT
2025-03-12 20:17:31,495 - __main__ - INFO - Extrahovaná metadata pro IHLCHGGBTPINDEDO: {'series_id': 'IHLCHGGBTPINDEDO', 'title': 'Federal Reserve Economic Data', 'frequency': 'Monthly', 'units': 'Percent', 'seasonal_adjustment': 'Seasonally Adjusted', 'last_updated': 'Dec 1, 2022 3:14 PM CST', 'source': 'FRED', 'data_source': 'Indeed via FRED®'}
2025-03-12 20:17:31,496 - __main__ - INFO - Worker 1: Úspěšně zpracována série IHLCHGGBTPINDEDO
2025-03-12 20:17:31,625 - __main__ - INFO - Extrahovaná metadata pro MRTSSM44831USS: {'series_id': 'MRTSSM44831USS', 'title': 'Federal Reserve Economic Data', 'frequency': 'Monthly', 'units': 'Millions of Dollars', 'seasonal_adjustment': 'Seasonally Adjusted', 'last_updated': 'Apr 23, 2024 9:07 AM CDT', 'source': 'FRED', 'data_source': 'U.S. Census Bureau via FRED®'}
2025-03-12 20:17:31,625 - __main__ - INFO - Worker 2: Úspěšně zpracována série MRTSSM44831USS
2025-03-12 20:17:32,291 - __main__ - INFO - Extrahovaná metadata pro NGDPRXDCGBA: {'series_id': 'NGDPRXDCGBA', 'title': 'Federal Reserve Economic Data', 'frequency': 'Annual', 'units': 'Percent', 'seasonal_adjustment': 'Seasonally Adjusted', 'last_updated': 'Jan 27, 2025 8:43 AM CST', 'source': 'FRED', 'data_source': 'International Monetary Fund via FRED®'}
2025-03-12 20:17:32,291 - __main__ - INFO - Worker 3: Úspěšně zpracována série NGDPRXDCGBA
2025-03-12 20:17:32,921 - __main__ - INFO - Extrahovaná metadata pro RCCCBBALREV: {'series_id': 'RCCCBBALREV', 'title': 'Federal Reserve Economic Data', 'frequency': 'Quarterly', 'units': 'Percent', 'seasonal_adjustment': 'Seasonally Adjusted', 'last_updated': 'Feb 20, 2025 8:44 AM CST', 'source': 'FRED', 'data_source': 'Federal Reserve Bank of Philadelphia via FRED®'}
2025-03-12 20:17:32,921 - __main__ - INFO - Worker 0: Úspěšně zpracována série RCCCBBALREV
2025-03-12 20:17:32,921 - __main__ - INFO - Worker 0: Zpracováno 30/6003 sérií
2025-03-12 20:17:35,536 - __main__ - INFO - Extrahovaná metadata pro MRTSSM44831USN: {'series_id': 'MRTSSM44831USN', 'title': 'Federal Reserve Economic Data', 'frequency': 'Monthly', 'units': 'Millions of Dollars', 'seasonal_adjustment': 'Seasonally Adjusted', 'last_updated': 'Apr 23, 2024 9:07 AM CDT', 'source': 'FRED', 'data_source': 'U.S. Census Bureau via FRED®'}
2025-03-12 20:17:35,536 - __main__ - INFO - Worker 2: Úspěšně zpracována série MRTSSM44831USN
2025-03-12 20:17:35,574 - __main__ - INFO - Extrahovaná metadata pro NGDPSAXDCGBQ: {'series_id': 'NGDPSAXDCGBQ', 'title': 'Federal Reserve Economic Data', 'frequency': 'Quarterly', 'units': 'Percent', 'seasonal_adjustment': 'Seasonally Adjusted', 'last_updated': 'Jan 27, 2025 8:43 AM CST', 'source': 'FRED', 'data_source': 'International Monetary Fund via FRED®'}
2025-03-12 20:17:35,574 - __main__ - INFO - Worker 3: Úspěšně zpracována série NGDPSAXDCGBQ
2025-03-12 20:17:35,574 - __main__ - INFO - Worker 3: Zpracováno 30/6000 sérií
2025-03-12 20:17:35,619 - __main__ - INFO - Extrahovaná metadata pro IHLCHGGBTPLEGA: {'series_id': 'IHLCHGGBTPLEGA', 'title': 'Federal Reserve Economic Data', 'frequency': 'Monthly', 'units': 'Percent', 'seasonal_adjustment': 'Seasonally Adjusted', 'last_updated': 'Dec 1, 2022 3:14 PM CST', 'source': 'FRED', 'data_source': 'Indeed via FRED®'}
2025-03-12 20:17:35,619 - __main__ - INFO - Worker 1: Úspěšně zpracována série IHLCHGGBTPLEGA
2025-03-12 20:17:35,619 - __main__ - INFO - Worker 1: Zpracováno 30/6003 sérií
2025-03-12 20:17:36,995 - urllib3.connectionpool - WARNING - Retrying (Retry(total=2, connect=None, read=None, redirect=None, status=None)) after connection broken by 'NewConnectionError('<urllib3.connection.HTTPConnection object at 0x109942350>: Failed to establish a new connection: [Errno 61] Connection refused')': /session/1aaf3977f656b0bcc745f0be16a8332e/element
2025-03-12 20:17:36,996 - urllib3.connectionpool - WARNING - Retrying (Retry(total=1, connect=None, read=None, redirect=None, status=None)) after connection broken by 'NewConnectionError('<urllib3.connection.HTTPConnection object at 0x108ea7100>: Failed to establish a new connection: [Errno 61] Connection refused')': /session/1aaf3977f656b0bcc745f0be16a8332e/element
2025-03-12 20:17:36,997 - urllib3.connectionpool - WARNING - Retrying (Retry(total=0, connect=None, read=None, redirect=None, status=None)) after connection broken by 'NewConnectionError('<urllib3.connection.HTTPConnection object at 0x108eea690>: Failed to establish a new connection: [Errno 61] Connection refused')': /session/1aaf3977f656b0bcc745f0be16a8332e/element
2025-03-12 20:17:36,998 - __main__ - ERROR - Kritická chyba při získávání metadat pro RCCCONUMACT: HTTPConnectionPool(host='localhost', port=55979): Max retries exceeded with url: /session/1aaf3977f656b0bcc745f0be16a8332e/element (Caused by NewConnectionError('<urllib3.connection.HTTPConnection object at 0x109159150>: Failed to establish a new connection: [Errno 61] Connection refused'))
2025-03-12 20:17:36,998 - __main__ - INFO - Worker 0: Úspěšně zpracována série RCCCONUMACT
2025-03-12 20:17:37,373 - urllib3.connectionpool - WARNING - Retrying (Retry(total=2, connect=None, read=None, redirect=None, status=None)) after connection broken by 'NewConnectionError('<urllib3.connection.HTTPConnection object at 0x109942fd0>: Failed to establish a new connection: [Errno 61] Connection refused')': /session/1bf0dc04444f10ececd91fb5ab6b617b/url
2025-03-12 20:17:37,375 - urllib3.connectionpool - WARNING - Retrying (Retry(total=1, connect=None, read=None, redirect=None, status=None)) after connection broken by 'NewConnectionError('<urllib3.connection.HTTPConnection object at 0x109159590>: Failed to establish a new connection: [Errno 61] Connection refused')': /session/1bf0dc04444f10ececd91fb5ab6b617b/url
2025-03-12 20:17:37,377 - urllib3.connectionpool - WARNING - Retrying (Retry(total=0, connect=None, read=None, redirect=None, status=None)) after connection broken by 'NewConnectionError('<urllib3.connection.HTTPConnection object at 0x1091598c0>: Failed to establish a new connection: [Errno 61] Connection refused')': /session/1bf0dc04444f10ececd91fb5ab6b617b/url
2025-03-12 20:17:37,379 - __main__ - ERROR - Kritická chyba při získávání metadat pro MRTSMPCSM44831USN: HTTPConnectionPool(host='localhost', port=55981): Max retries exceeded with url: /session/1bf0dc04444f10ececd91fb5ab6b617b/url (Caused by NewConnectionError('<urllib3.connection.HTTPConnection object at 0x109159bf0>: Failed to establish a new connection: [Errno 61] Connection refused'))
2025-03-12 20:17:37,379 - __main__ - INFO - Worker 2: Úspěšně zpracována série MRTSMPCSM44831USN
2025-03-12 20:17:37,379 - __main__ - INFO - Worker 2: Zpracováno 30/6003 sérií
2025-03-12 20:17:37,916 - urllib3.connectionpool - WARNING - Retrying (Retry(total=2, connect=None, read=None, redirect=None, status=None)) after connection broken by 'NewConnectionError('<urllib3.connection.HTTPConnection object at 0x109954440>: Failed to establish a new connection: [Errno 61] Connection refused')': /session/e8863dccf460489c962e4ee425affc0c/url
2025-03-12 20:17:37,919 - urllib3.connectionpool - WARNING - Retrying (Retry(total=1, connect=None, read=None, redirect=None, status=None)) after connection broken by 'NewConnectionError('<urllib3.connection.HTTPConnection object at 0x10915a030>: Failed to establish a new connection: [Errno 61] Connection refused')': /session/e8863dccf460489c962e4ee425affc0c/url
2025-03-12 20:17:37,921 - urllib3.connectionpool - WARNING - Retrying (Retry(total=0, connect=None, read=None, redirect=None, status=None)) after connection broken by 'NewConnectionError('<urllib3.connection.HTTPConnection object at 0x10915a250>: Failed to establish a new connection: [Errno 61] Connection refused')': /session/e8863dccf460489c962e4ee425affc0c/url
2025-03-12 20:17:37,923 - __main__ - ERROR - Kritická chyba při získávání metadat pro NGDPXDCGBA: HTTPConnectionPool(host='localhost', port=55982): Max retries exceeded with url: /session/e8863dccf460489c962e4ee425affc0c/url (Caused by NewConnectionError('<urllib3.connection.HTTPConnection object at 0x10915a470>: Failed to establish a new connection: [Errno 61] Connection refused'))
2025-03-12 20:17:37,923 - __main__ - INFO - Worker 3: Úspěšně zpracována série NGDPXDCGBA
2025-03-12 20:17:37,944 - urllib3.connectionpool - WARNING - Retrying (Retry(total=2, connect=None, read=None, redirect=None, status=None)) after connection broken by 'NewConnectionError('<urllib3.connection.HTTPConnection object at 0x109964640>: Failed to establish a new connection: [Errno 61] Connection refused')': /session/38a33acbc2e54044a44922c8369f6388/url
2025-03-12 20:17:37,945 - urllib3.connectionpool - WARNING - Retrying (Retry(total=1, connect=None, read=None, redirect=None, status=None)) after connection broken by 'NewConnectionError('<urllib3.connection.HTTPConnection object at 0x10915a8b0>: Failed to establish a new connection: [Errno 61] Connection refused')': /session/38a33acbc2e54044a44922c8369f6388/url
2025-03-12 20:17:37,946 - urllib3.connectionpool - WARNING - Retrying (Retry(total=0, connect=None, read=None, redirect=None, status=None)) after connection broken by 'NewConnectionError('<urllib3.connection.HTTPConnection object at 0x10915aad0>: Failed to establish a new connection: [Errno 61] Connection refused')': /session/38a33acbc2e54044a44922c8369f6388/url
2025-03-12 20:17:37,948 - __main__ - ERROR - Kritická chyba při získávání metadat pro PPAAUS00000A156NCEN: HTTPConnectionPool(host='localhost', port=55980): Max retries exceeded with url: /session/38a33acbc2e54044a44922c8369f6388/url (Caused by NewConnectionError('<urllib3.connection.HTTPConnection object at 0x10915acf0>: Failed to establish a new connection: [Errno 61] Connection refused'))
2025-03-12 20:17:37,948 - __main__ - INFO - Worker 1: Úspěšně zpracována série PPAAUS00000A156NCEN
